<?xml version="1.0" encoding="UTF-8"?>
<testng-results skipped="0" failed="0" ignored="0" total="1" passed="1">
  <reporter-output>
  </reporter-output>
  <suite name="Default suite" duration-ms="12655" started-at="2019-04-19T12:24:54Z" finished-at="2019-04-19T12:25:07Z">
    <groups>
    </groups>
    <test name="Default test" duration-ms="12655" started-at="2019-04-19T12:24:54Z" finished-at="2019-04-19T12:25:07Z">
      <class name="Testcase.First_test">
        <test-method status="PASS" signature="test()[pri:0, instance:Testcase.First_test@ae45eb6]" name="test" duration-ms="12629" started-at="2019-04-19T12:24:54Z" finished-at="2019-04-19T12:25:07Z">
          <reporter-output>
          </reporter-output>
        </test-method> <!-- test -->
      </class> <!-- Testcase.First_test -->
    </test> <!-- Default test -->
  </suite> <!-- Default suite -->
</testng-results>
